<?xml version="1.0" encoding="UTF-8"?>
<!-- Generated by org.testng.reporters.JUnitReportReporter -->
<testsuite skipped="0" hostname="Veera" name="org.blaze.pom.Blaze" tests="3" failures="0" timestamp="06 Apr 2021 09:22:16 GMT" time="6.187" errors="0">
  <testcase name="tc0" time="4.443" classname="org.blaze.pom.Blaze"/>
  <testcase name="tc1" time="1.263" classname="org.blaze.pom.Blaze"/>
  <testcase name="tc2" time="0.481" classname="org.blaze.pom.Blaze"/>
</testsuite> <!-- org.blaze.pom.Blaze -->
